[www.reservhotel.com/win/owa/ibe5_roomse3d7.html]
[backblue.gif]
[fade.gif]
[index.html]
[maxcdn.bootstrapcdn.com/bootstrap/4.0.0-alpha.6/css/bootstrap.min.css]
[www.reservhotel.com/ibe5/assets/css/bootstrap.min.css]
[www.reservhotel.com/ibe5/assets/css/flexslider.css]
[www.reservhotel.com/ibe5/assets/css/jquery.fancybox.css]
[www.reservhotel.com/ibe5/assets/css/font_awesome/css/font-awesome.min.css]
[www.reservhotel.com/ibe5/assets/css/index.css]
[www.reservhotel.com/ibe5/assets/css/rooms_2.css]
[www.reservhotel.com/ibe5/assets/css/modal_index.css]
[www.reservhotel.com/ibe5/assets/css/owl.carousel.min.css]
[www.reservhotel.com/ibe5/assets/js/libs/jquery-ui-1.10.3.custom.min.js]
[www.reservhotel.com/ibe5/assets/js/jquery-3.5.1.min.js]
[www.reservhotel.com/ibe5/assets/js/libs/bootstrap.min.js]
[www.reservhotel.com/ibe5/assets/js/libs/picture.js]
[www.reservhotel.com/ibe5/assets/js/script-ck.js]
[www.reservhotel.com/ibe5/assets/js/libs/jquery.fancybox.pack.js]
[www.reservhotel.com/ibe5/assets/js/libs/jquery.flexslider.min.js]
[www.reservhotel.com/ibe5/assets/js/libs/jquery.cookie.js]
[cdnjs.cloudflare.com/ajax/libs/tether/1.4.3/js/tether.min.js]
[maxcdn.bootstrapcdn.com/bootstrap/4.0.0-alpha.6/js/bootstrap.min.js]
[www.reservhotel.com/ibe5/assets/css/fancybox_overlay.png]
[www.reservhotel.com/win/owa/imagenes/bg.png]
[www.reservhotel.com/html/airlink/Images/default-header2.jpg]
[www.reservhotel.com/ibe5/assets/images/right-arrow-selected.png]
[www.google-analytics.com/analytics.js]
[www.reservhotel.com/win/owa/linkid.1a.delayed]
[www.reservhotel.com/hotel_fastlink_css/10757.css]
[www.google.com/recaptcha/api8027.js]
[www.reservhotel.com/cdn-cgi/bm/cv/669835187/api.js]
[www.reservhotel.com/ibe5/assets/images/icon_hamburgermenu.png]
[www.reservhotel.com/html/airlink/Images/cflags/us.svg]
[www.reservhotel.com/hotel_images_fastlink/10757/10757_ULI_001.jpg]
[www.reservhotel.com/ibe5/assets/images/secure-shopping.png]
[www.reservhotel.com/win/owa/ibe5eddf.html]
[www.reservhotel.com/ibe4/assets/images/rhlogo.png]
[www.reservhotel.com/cdn-cgi/scripts/5c5dd728/cloudflare-static/email-decode.min.js]
[www.reservhotel.com/win/owa/ibe5_roomse3d7.html]
[www.reservhotel.com/win/owa/ibe5128d.html]
[fonts.googleapis.com/css3f04.css]
[www.reservhotel.com/hotel_fastlink_js/10757.js]
[www.reservhotel.com/ibe5/assets/css/index2ca0.css]
[www.reservhotel.com/ibe5/assets/css/style-m.css]
[www.reservhotel.com/ibe5/assets/js/libs/datepicker_extension_min.js]
[www.reservhotel.com/ibe5/assets/js/libs/jquery.fancybox.pack.min.js]
[www.reservhotel.com/ibe5/assets/images/loader/page-load-bar-loop.gif]
[www.reservhotel.com/win/owa/ibe580a7.javascript]
[www.reservhotel.com/ibe5/assets/js/new_owl.js]
[www.reservhotel.com/ibe5/assets/js/owl.carousel.min.js]
[www.reservhotel.com/ibe5/assets/js/slider.js]
[www.reservhotel.com/win/owa/ibe5eddf.html]
[static.cloudflareinsights.com/beacon.min.js]
[www.reservhotel.com/win/owa/ibe5d767.javascript]
[www.reservhotel.com/win/owa/ibe5b004.html]
[www.reservhotel.com/win/owa/ibe5ef8d.html]
[www.reservhotel.com/win/owa/ibe5ece0.html]
[www.reservhotel.com/win/owa/ibe5128d.html]
[www.reservhotel.com/hotel_fastlink_js/10765.js]
[www.reservhotel.com/win/owa/ibe5226d.html]
[www.reservhotel.com/fastlink/10765/b_10765.jpg]
[www.reservhotel.com/win/owa/ibe51c3b.javascript]
[www.reservhotel.com/hotel_fastlink_css/10765.css]
[www.reservhotel.com/hotel_images_fastlink/10765/10765_ULI_001.jpg]
[www.reservhotel.com/win/owa/ibe5b004.html]
[www.reservhotel.com/hotel_fastlink_js/10766.js]
[www.reservhotel.com/fastlink/10766/b_10766.jpg]
[www.reservhotel.com/win/owa/ibe5e718.javascript]
[www.reservhotel.com/hotel_fastlink_css/10766.css]
[www.reservhotel.com/hotel_images_fastlink/10766/10766_ULI_001.jpg]
[www.reservhotel.com/win/owa/ibe5ef8d.html]
[www.reservhotel.com/hotel_fastlink_js/10758.js]
[www.reservhotel.com/win/owa/ibe5b744.javascript]
[www.reservhotel.com/hotel_fastlink_css/10758.css]
[www.reservhotel.com/hotel_images_fastlink/10758/10758_ULI_001.jpg]
[www.reservhotel.com/win/owa/ibe5ece0.html]
[www.reservhotel.com/hotel_fastlink_js/10769.js]
[www.reservhotel.com/win/owa/ibe55ae2.javascript]
[www.reservhotel.com/hotel_fastlink_css/10769.css]
[www.reservhotel.com/hotel_images_fastlink/10769/10769_ULI_001.jpg]
[www.reservhotel.com/win/owa/ibe5226d.html]
[www.reservhotel.com/ibe5/assets/js/jquery-3.5.1.min.js]
[www.reservhotel.com/ibe5/assets/js/libs/jquery-ui-1.10.3.custom.min.js]
[www.reservhotel.com/ibe5/assets/js/libs/bootstrap.min.js]
[www.reservhotel.com/ibe5/assets/js/script-ck.js]
[maxcdn.bootstrapcdn.com/bootstrap/4.0.0-alpha.6/css/bootstrap.min.css]
[www.reservhotel.com/ibe5/assets/js/libs/jquery.fancybox.pack.js]
[www.reservhotel.com/ibe5/assets/js/libs/jquery.flexslider.min.js]
[www.reservhotel.com/ibe5/assets/css/bootstrap.min.css]
[www.google.com/recaptcha/api8027.js]
[maxcdn.bootstrapcdn.com/bootstrap/4.0.0-alpha.6/js/bootstrap.min.js]
[www.reservhotel.com/ibe5/assets/css/fonts/flexslider-icon.eot]
[www.reservhotel.com/ibe5/assets/images/secure-shopping.png]
[cdnjs.cloudflare.com/ajax/libs/tether/1.4.3/js/tether.min.js]
[www.reservhotel.com/hotel_fastlink_js/10757.js]
[www.reservhotel.com/ibe5/assets/css/fonts/flexslider-icond41d.eot]
[www.reservhotel.com/ibe5/assets/js/libs/datepicker_extension_min.js]
[www.reservhotel.com/ibe5/assets/js/libs/jquery.fancybox.pack.min.js]
[www.reservhotel.com/ibe5/assets/images/loader/page-load-bar-loop.gif]
[www.reservhotel.com/win/owa/ibe580a7.javascript]
[www.reservhotel.com/ibe5/assets/css/fonts/flexslider-icon.woff]
[www.reservhotel.com/ibe5/assets/js/new_owl.js]
[www.reservhotel.com/ibe5/assets/js/owl.carousel.min.js]
[static.cloudflareinsights.com/beacon.min.js]
[www.reservhotel.com/win/owa/ibe5d767.javascript]
[www.reservhotel.com/ibe5/assets/css/fonts/flexslider-icon.ttf]
[www.reservhotel.com/win/owa/ibe51c3b.javascript]
[www.reservhotel.com/win/owa/ibe5e718.javascript]
[www.reservhotel.com/ibe5/assets/css/fonts/flexslider-icon.svg]
[www.reservhotel.com/ibe5/assets/css/flexslider.css]
[www.reservhotel.com/ibe5/assets/css/fonts/flexslider-icon.eot]
[www.reservhotel.com/win/owa/ibe5b744.javascript]
[www.reservhotel.com/win/owa/ibe55ae2.javascript]
[www.reservhotel.com/ibe5/assets/css/fonts/flexslider-icond41d.eot]
[www.reservhotel.com/ibe5/assets/css/fancybox_sprite.png]
[www.reservhotel.com/ibe5/assets/css/fonts/flexslider-icon.woff]
[www.reservhotel.com/ibe5/assets/css/fonts/flexslider-icon.ttf]
[www.reservhotel.com/ibe5/assets/css/fancybox_loading.gif]
[www.reservhotel.com/ibe5/assets/css/blank.gif]
[www.reservhotel.com/ibe5/assets/css/fancybox_sprite@2x.png]
[www.reservhotel.com/ibe5/assets/css/fancybox_loading@2x.gif]
[www.reservhotel.com/ibe5/assets/css/jquery.fancybox.css]
[www.reservhotel.com/ibe5/assets/css/font_awesome/css/font-awesome.min.css]
[www.reservhotel.com/ibe5/assets/css/font_awesome/fonts/fontawesome-webfont3e6e.svg]
[www.reservhotel.com/ibe5/assets/css/stylenew.css]
[www.reservhotel.com/ibe5/assets/css/header.css]
[www.reservhotel.com/ibe5/assets/css/breadcrumb.css]
[www.reservhotel.com/ibe5/assets/css/footer.css]
[www.reservhotel.com/ibe5/assets/images/right-arrow-white.png]
[www.reservhotel.com/ibe5/assets/images/mini-arrow-down2.png]
[www.reservhotel.com/ibe5/assets/images/flecha_abajo_btn.png]
[www.reservhotel.com/ibe5/assets/images/cal-left.png]
[www.reservhotel.com/ibe5/assets/css/index.css]
[www.reservhotel.com/ibe5/assets/images/cal-right.png]
[www.reservhotel.com/ibe5/assets/images/cal-right.png]
[www.reservhotel.com/ibe5/assets/images/cal-left.png]
[www.reservhotel.com/ibe5/assets/images/layoutoption1_gray_icon.5c.delayed]
[www.reservhotel.com/ibe5/assets/images/layoutoption1_black_icon.png]
[www.reservhotel.com/ibe5/assets/images/layoutoption2_black_icon.png]
[www.reservhotel.com/ibe5/assets/css/rooms_2.css]
[www.reservhotel.com/ibe5/assets/css/modal_index.css]
[www.reservhotel.com/ibe5/assets/css/owl.video.play.png]
[www.reservhotel.com/ibe5/assets/css/owl.carousel.min.css]
[www.reservhotel.com/win/owa/imagenes/bg.html]
[www.reservhotel.com/win/owa/linkid.html]
[www.reservhotel.com/hotel_fastlink_css/10757.css]
[www.reservhotel.com/html/airlink/Images/cflags/us.svg]
[www.reservhotel.com/ibe5/assets/css/index2ca0.css]
[www.reservhotel.com/ibe5/assets/css/style-m.css]
[www.reservhotel.com/hotel_fastlink_css/10765.css]
[www.reservhotel.com/hotel_fastlink_css/10766.css]
[www.reservhotel.com/hotel_fastlink_css/10758.css]
[www.reservhotel.com/hotel_fastlink_css/10769.css]
[www.reservhotel.com/ibe5/assets/css/fonts/flexslider-icon.svg]
[www.reservhotel.com/ibe5/assets/css/font_awesome/fonts/fontawesome-webfont3e6e.svg]
[www.reservhotel.com/ibe5/assets/css/fonts/fira-sans/FiraSans-Regular.ttf]
[www.reservhotel.com/ibe5/assets/css/fonts/fira-sans/FiraSans-Bold.ttf]
[www.reservhotel.com/ibe5/assets/css/fonts/fira-sans/FiraSans-Thin.ttf]
[www.reservhotel.com/ibe5/assets/css/fonts/fira-sans/FiraSans-Medium.ttf]
[www.reservhotel.com/ibe5/assets/css/fonts/fira-sans/FiraSans-Light.ttf]
[www.reservhotel.com/ibe5/assets/css/fonts/fira-sans/FiraSans-Italic.ttf]
[www.reservhotel.com/ibe5/assets/css/fonts/fira-sans/FiraSans-SemiBold.ttf]
[www.reservhotel.com/ibe5/assets/css/fonts/fira-sans/FiraSans-ExtraLight.ttf]
[www.reservhotel.com/ibe5/assets/css/fonts/fira-sans/FiraSans-ExtraBold.ttf]
[www.reservhotel.com/ibe5/assets/css/fonts/fira-sans/FiraSans-Book.ttf]
[www.reservhotel.com/ibe5/assets/images/show-promotions.png]
[www.reservhotel.com/ibe5/assets/images/promos-tag-icon.png]
[www.reservhotel.com/ibe5/assets/images/email-icon.png]
[www.reservhotel.com/ibe5/assets/images/travel-sum-arrow-down.png]
[www.reservhotel.com/ibe5/assets/images/travel-sum-arrow-up.png]
[www.reservhotel.com/ibe5/assets/images/top-right-header-img-1440.jpg]
[www.reservhotel.com/ibe5/assets/images/us-flag.png]
[www.reservhotel.com/ibe5/assets/images/fr-flag.png]
[www.reservhotel.com/ibe5/assets/images/sp-flag.png]
[www.reservhotel.com/ibe5/assets/images/de-flag.png]
[www.reservhotel.com/ibe5/assets/images/po-flag.png]
[www.reservhotel.com/ibe5/assets/images/pol-flag.png]
[www.reservhotel.com/ibe5/assets/images/it-flag.png]
[www.reservhotel.com/ibe5/assets/images/nl-flag.png]
[www.reservhotel.com/ibe5/assets/images/cal-left-hover.png]
[www.reservhotel.com/ibe5/assets/images/cal-right-hover.png]
[www.reservhotel.com/ibe5/assets/images/pop-up-close.png]
[www.reservhotel.com/ibe5/assets/images/pop-up-close-hover.png]
[www.reservhotel.com/ibe5/assets/images/slider-big-left-arrow.png]
[www.reservhotel.com/ibe5/assets/images/long-dp-prev-up-arrow.png]
[www.reservhotel.com/ibe5/assets/images/slider-big-right-arrow.png]
[www.reservhotel.com/ibe5/assets/images/long-dp-next-down-arrow.png]
[www.reservhotel.com/ibe5/assets/images/slider-left-arrow.png]
[www.reservhotel.com/ibe5/assets/images/slider-left-arrow-hover.png]
[www.reservhotel.com/ibe5/assets/images/slider-right-arrow.png]
[www.reservhotel.com/ibe5/assets/images/slider-right-arrow-hover.png]
[www.reservhotel.com/ibe5/assets/images/right-arrow-select.png]
[www.reservhotel.com/ibe5/assets/images/fancybox-close-btn.png]
[www.reservhotel.com/ibe5/assets/images/fancybox-close-btn-hover.png]
[www.reservhotel.com/ibe5/assets/images/slider-nav-circ.png]
[www.reservhotel.com/ibe5/assets/images/slider-nav-circ-hover.png]
[www.reservhotel.com/ibe5/assets/images/hotel-remove-btn.png]
[www.reservhotel.com/ibe5/assets/images/hotel-remove-btn-hover.png]
[www.reservhotel.com/ibe5/assets/images/room-arrow-down.png]
[www.reservhotel.com/ibe5/assets/images/room-arrow-right.png]
[www.reservhotel.com/ibe5/assets/images/collapse-arrow-up.png]
[www.reservhotel.com/ibe5/assets/images/collapse-arrow-down.png]
[www.reservhotel.com/ibe5/assets/images/c-cards.png]
[www.reservhotel.com/ibe5/assets/images/green-help.png]
[www.reservhotel.com/ibe5/assets/images/gray-bullet.png]
[www.reservhotel.com/ibe5/assets/images/cal-icon.png]
[www.reservhotel.com/ibe5/assets/images/datedeparture_icon.png]
[www.reservhotel.com/ibe5/assets/images/datearrival_icon.png]
[www.reservhotel.com/ibe5/assets/images/time_icon.png]
[www.reservhotel.com/ibe5/assets/images/cruise.png]
[www.reservhotel.com/ibe5/assets/css/stylenew.css]
[www.reservhotel.com/ibe5/assets/images/icon_chat.png]
[www.reservhotel.com/ibe5/assets/images/icon_world.png]
[www.reservhotel.com/ibe5/assets/images/icon_coin.png]
[www.reservhotel.com/ibe5/assets/images/icon_coupon.png]
[www.reservhotel.com/ibe5/assets/css/header.css]
[www.reservhotel.com/ibe5/assets/images/icon_coin.png]
[www.reservhotel.com/ibe5/assets/images/flechapasos.png]
[www.reservhotel.com/ibe5/assets/css/breadcrumb.css]
[www.reservhotel.com/ibe5/assets/css/footer.css]
[www.reservhotel.com/ibe5/assets/images/flecha_abajo_btn.html]
[www.reservhotel.com/ibe5/assets/images/layoutoption1_gray_icon.html]
[www.reservhotel.com/ibe5/assets/images/layoutoption1_black_icon.html]
[www.reservhotel.com/ibe5/assets/images/layoutoption2_black_icon.html]
[www.reservhotel.com/ibe5/assets/css/owl.video.play.html]
[www.reservhotel.com/ibe5/assets/images/icon_world.html]
[www.reservhotel.com/win/owa/ibe5b004.html]
